<?xml version="1.0" encoding="UTF-8"?>
<testsuite name="V2SolutionsMainPage"
           tests="14"
           failures="0"
           errors="0"
           skipped="0"
           time="195.813">
  <properties />
  
  
            <testcase name="verifyLogoPresentInMainNavigationTabletView" time="1.040" classname="test.v2solutions.mainpage.components.TestMainNavigation" />
                <testcase name="verifyPageIsResizedToMobileViewLayout" time="3.120" classname="test.v2solutions.mainpage.components.TestMainNavigation" />
                <testcase name="verifyPageIsResizedToTabletViewLayout" time="3.234" classname="test.v2solutions.mainpage.components.TestMainNavigation" />
                <testcase name="verifyPageIsResizedToDesktopViewLayout" time="4.328" classname="test.v2solutions.mainpage.components.TestMainNavigation" />
                <testcase name="validateHamburgerButtonClickableInMobileView" time="0.152" classname="test.v2solutions.mainpage.components.TestMainNavigation" />
                <testcase name="verifyMainNavigationPresentInTabletView" time="1.032" classname="test.v2solutions.mainpage.components.TestMainNavigation" />
                <testcase name="validateOnMouseHoverSubMenuLinksAreHighlighted" time="90.237" classname="test.v2solutions.mainpage.components.TestMainNavigation" />
                <testcase name="validateMenuLinksAreClickableInTabletView" time="16.537" classname="test.v2solutions.mainpage.components.TestMainNavigation" />
                <testcase name="verifyMainNavigationPresentInDesktopView" time="1.071" classname="test.v2solutions.mainpage.components.TestMainNavigation" />
                <testcase name="validateMenuLinksAreClickable" time="20.801" classname="test.v2solutions.mainpage.components.TestMainNavigation" />
                <testcase name="verifyLogoPresentInMainNavigationDesktopView" time="1.074" classname="test.v2solutions.mainpage.components.TestMainNavigation" />
                <testcase name="verifyHamburgerButtonPresentInMobileView" time="1.039" classname="test.v2solutions.mainpage.components.TestMainNavigation" />
                <testcase name="verifyOnMouseHoverMainNavigationMenuLinksExpandedInDesktopView" time="51.102" classname="test.v2solutions.mainpage.components.TestMainNavigation" />
                <testcase name="close" time="1.046" classname="test.v2solutions.mainpage.components.TestMainNavigation" />
      
</testsuite>
