<?xml version="1.0" encoding="UTF-8"?>
<testsuite name="V2SolutionsHomePage"
           tests="5"
           failures="0"
           errors="0"
           skipped="0"
           time="27.243">
  <properties />
  
  
            <testcase name="close" time="0.460" classname="test.v2solutions.components.TestGlobalFooterSection" />
                <testcase name="verifyPageIsResizedToMobileViewLayout" time="4.590" classname="test.v2solutions.components.TestGlobalFooterSection" />
                <testcase name="verifyGlobalFooterSectionPresentInMobileView" time="1.169" classname="test.v2solutions.components.TestGlobalFooterSection" />
                <testcase name="validateCopyRightsLinksClickableInMobileView" time="10.556" classname="test.v2solutions.components.TestGlobalFooterSection" />
                <testcase name="validateCopyRightsLinksClickableInMobileView" time="10.468" classname="test.v2solutions.components.TestGlobalFooterSection" />
      
</testsuite>
