<?xml version="1.0" encoding="UTF-8"?>
<testsuite name="V2SolutionsMainPage"
           tests="20"
           failures="0"
           errors="0"
           skipped="0"
           time="65.039">
  <properties />
  
  
            <testcase name="close" time="2.852" classname="test.v2solutions.mainpage.components.TestGlobalNavigation" />
                <testcase name="verifyContactNoAndIDPresentInGlobalHeaderIntabletView" time="1.051" classname="test.v2solutions.mainpage.components.TestGlobalNavigation" />
                <testcase name="verifySocialIconRenderedInGlobalHeaderInDesktopView" time="1.051" classname="test.v2solutions.mainpage.components.TestGlobalNavigation" />
                <testcase name="verifyALTTagNameOFSocialIconInGlobalHeaderInDesktopView" time="0.149" classname="test.v2solutions.mainpage.components.TestGlobalNavigation" />
                <testcase name="verifySocialIconInGlobalHeaderAreClickableInDesktopView" time="11.266" classname="test.v2solutions.mainpage.components.TestGlobalNavigation" />
                <testcase name="verifySocialIconRenderedInGlobalHeaderInDesktopView" time="1.059" classname="test.v2solutions.mainpage.components.TestGlobalNavigation" />
                <testcase name="verifyALTTagNameOFSocialIconInGlobalHeaderInDesktopView" time="0.513" classname="test.v2solutions.mainpage.components.TestGlobalNavigation" />
                <testcase name="verifyContactNoAndIDPresentInGlobalHeaderInDesktopView" time="1.050" classname="test.v2solutions.mainpage.components.TestGlobalNavigation" />
                <testcase name="verifyPageIsResizedToTabletViewLayout" time="3.409" classname="test.v2solutions.mainpage.components.TestGlobalNavigation" />
                <testcase name="verifyContactNoAndIDPresentInGlobalHeaderIntabletView" time="1.046" classname="test.v2solutions.mainpage.components.TestGlobalNavigation" />
                <testcase name="verifySocialIconRenderedInGlobalHeaderInDesktopView" time="1.080" classname="test.v2solutions.mainpage.components.TestGlobalNavigation" />
                <testcase name="verifySocialIconInGlobalHeaderAreClickableInDesktopView" time="11.279" classname="test.v2solutions.mainpage.components.TestGlobalNavigation" />
                <testcase name="verifyGlobalNavigationHeaderPresentInTabletView" time="1.049" classname="test.v2solutions.mainpage.components.TestGlobalNavigation" />
                <testcase name="verifyPageIsResizedToMobileViewLayout" time="3.149" classname="test.v2solutions.mainpage.components.TestGlobalNavigation" />
                <testcase name="verifyGlobalNavigationHeaderPresentInMobileView" time="1.114" classname="test.v2solutions.mainpage.components.TestGlobalNavigation" />
                <testcase name="verifyALTTagNameOFSocialIconInGlobalHeaderInDesktopView" time="0.173" classname="test.v2solutions.mainpage.components.TestGlobalNavigation" />
                <testcase name="verifyContactNoAndIDPresentInGlobalHeaderInDesktopView" time="4.182" classname="test.v2solutions.mainpage.components.TestGlobalNavigation" />
                <testcase name="verifySocialIconInGlobalHeaderAreClickableInDesktopView" time="12.471" classname="test.v2solutions.mainpage.components.TestGlobalNavigation" />
                <testcase name="verifyPageIsResizedToDesktopViewLayout" time="4.457" classname="test.v2solutions.mainpage.components.TestGlobalNavigation" />
                <testcase name="verifyGlobalNavigationHeaderPresentInDesktopView" time="2.639" classname="test.v2solutions.mainpage.components.TestGlobalNavigation" />
      
</testsuite>
