<?xml version="1.0" encoding="UTF-8"?>
<testsuite name="V2SolutionsHomePage"
           tests="14"
           failures="0"
           errors="0"
           skipped="0"
           time="199.227">
  <properties />
  
  
            <testcase name="verifyPageIsResizedToMobileViewLayout" time="3.229" classname="test.v2solutions.components.TestMainNavigation" />
                <testcase name="validateHamburgerButtonClickableInMobileView" time="0.767" classname="test.v2solutions.components.TestMainNavigation" />
                <testcase name="verifyOnMouseHoverMainNavigationMenuLinksExpandedInDesktopView" time="50.727" classname="test.v2solutions.components.TestMainNavigation" />
                <testcase name="validateMenuLinksAreClickableInTabletView" time="17.968" classname="test.v2solutions.components.TestMainNavigation" />
                <testcase name="verifyLogoPresentInMainNavigationTabletView" time="1.230" classname="test.v2solutions.components.TestMainNavigation" />
                <testcase name="validateMenuLinksAreClickable" time="21.436" classname="test.v2solutions.components.TestMainNavigation" />
                <testcase name="verifyHamburgerButtonPresentInMobileView" time="1.118" classname="test.v2solutions.components.TestMainNavigation" />
                <testcase name="verifyMainNavigationPresentInDesktopView" time="1.060" classname="test.v2solutions.components.TestMainNavigation" />
                <testcase name="verifyMainNavigationPresentInTabletView" time="1.146" classname="test.v2solutions.components.TestMainNavigation" />
                <testcase name="verifyPageIsResizedToTabletViewLayout" time="3.106" classname="test.v2solutions.components.TestMainNavigation" />
                <testcase name="close" time="1.012" classname="test.v2solutions.components.TestMainNavigation" />
                <testcase name="verifyLogoPresentInMainNavigationDesktopView" time="1.039" classname="test.v2solutions.components.TestMainNavigation" />
                <testcase name="verifyPageIsResizedToDesktopViewLayout" time="4.893" classname="test.v2solutions.components.TestMainNavigation" />
                <testcase name="validateOnMouseHoverSubMenuLinksAreHighlighted" time="90.496" classname="test.v2solutions.components.TestMainNavigation" />
      
</testsuite>
