<?xml version="1.0" encoding="UTF-8"?>
<testng-results skipped="0" failed="1" total="10" passed="9">
  <reporter-output>
  </reporter-output>
  <suite name="Regression suite" duration-ms="94014" started-at="2017-02-02T09:15:47Z" finished-at="2017-02-02T09:17:21Z">
    <groups>
      <group name="Regression">
        <method signature="TestV2SolutionsContactUsPage.validateEmailErrorMessageInEnquiryDetailsFormInMobileView(java.lang.String, java.lang.String, java.lang.String, java.lang.String)[pri:21, instance:test.v2solutions.pages.TestV2SolutionsContactUsPage@4690b489]" name="validateEmailErrorMessageInEnquiryDetailsFormInMobileView" class="test.v2solutions.pages.TestV2SolutionsContactUsPage"/>
        <method signature="TestV2SolutionsContactUsPage.verifyEnquiryFormSectionDisplayedInMobileView(java.lang.String)[pri:19, instance:test.v2solutions.pages.TestV2SolutionsContactUsPage@4690b489]" name="verifyEnquiryFormSectionDisplayedInMobileView" class="test.v2solutions.pages.TestV2SolutionsContactUsPage"/>
        <method signature="TestV2SolutionsContactUsPage.verifyFirstNameTextboxInEnquiryFormRenderedWithDefaultValueInMobileView(java.lang.String, java.lang.String)[pri:20, instance:test.v2solutions.pages.TestV2SolutionsContactUsPage@4690b489]" name="verifyFirstNameTextboxInEnquiryFormRenderedWithDefaultValueInMobileView" class="test.v2solutions.pages.TestV2SolutionsContactUsPage"/>
        <method signature="TestV2SolutionsContactUsPage.verifyH2HeaderTextInMobileView(java.lang.String, java.lang.String)[pri:18, instance:test.v2solutions.pages.TestV2SolutionsContactUsPage@4690b489]" name="verifyH2HeaderTextInMobileView" class="test.v2solutions.pages.TestV2SolutionsContactUsPage"/>
        <method signature="TestV2SolutionsContactUsPage.verifyMapAndAddressRepresentHorizontallyInMobileView(java.lang.String, java.lang.String)[pri:23, instance:test.v2solutions.pages.TestV2SolutionsContactUsPage@4690b489]" name="verifyMapAndAddressRepresentHorizontallyInMobileView" class="test.v2solutions.pages.TestV2SolutionsContactUsPage"/>
        <method signature="TestV2SolutionsContactUsPage.verifyPageIsResizedToMobileViewLayout(java.lang.String, java.lang.String, java.lang.String)[pri:17, instance:test.v2solutions.pages.TestV2SolutionsContactUsPage@4690b489]" name="verifyPageIsResizedToMobileViewLayout" class="test.v2solutions.pages.TestV2SolutionsContactUsPage"/>
        <method signature="TestV2SolutionsContactUsPage.verifySocialIconRenderedInMobileView(java.lang.String)[pri:24, instance:test.v2solutions.pages.TestV2SolutionsContactUsPage@4690b489]" name="verifySocialIconRenderedInMobileView" class="test.v2solutions.pages.TestV2SolutionsContactUsPage"/>
        <method signature="TestV2SolutionsContactUsPage.verifyUSAndIndiaContactLocationDisplayedInMobileView(java.lang.String)[pri:22, instance:test.v2solutions.pages.TestV2SolutionsContactUsPage@4690b489]" name="verifyUSAndIndiaContactLocationDisplayedInMobileView" class="test.v2solutions.pages.TestV2SolutionsContactUsPage"/>
      </group> <!-- Regression -->
      <group name="Smoke">
        <method signature="TestV2SolutionsContactUsPage.verifyPageIsResizedToMobileViewLayout(java.lang.String, java.lang.String, java.lang.String)[pri:17, instance:test.v2solutions.pages.TestV2SolutionsContactUsPage@4690b489]" name="verifyPageIsResizedToMobileViewLayout" class="test.v2solutions.pages.TestV2SolutionsContactUsPage"/>
        <method signature="TestV2SolutionsContactUsPage.verifySocialIconRenderedInMobileView(java.lang.String)[pri:24, instance:test.v2solutions.pages.TestV2SolutionsContactUsPage@4690b489]" name="verifySocialIconRenderedInMobileView" class="test.v2solutions.pages.TestV2SolutionsContactUsPage"/>
      </group> <!-- Smoke -->
      <group name="Mobile">
        <method signature="TestV2SolutionsContactUsPage.validateEmailErrorMessageInEnquiryDetailsFormInMobileView(java.lang.String, java.lang.String, java.lang.String, java.lang.String)[pri:21, instance:test.v2solutions.pages.TestV2SolutionsContactUsPage@4690b489]" name="validateEmailErrorMessageInEnquiryDetailsFormInMobileView" class="test.v2solutions.pages.TestV2SolutionsContactUsPage"/>
        <method signature="TestV2SolutionsContactUsPage.verifyEnquiryFormSectionDisplayedInMobileView(java.lang.String)[pri:19, instance:test.v2solutions.pages.TestV2SolutionsContactUsPage@4690b489]" name="verifyEnquiryFormSectionDisplayedInMobileView" class="test.v2solutions.pages.TestV2SolutionsContactUsPage"/>
        <method signature="TestV2SolutionsContactUsPage.verifyFirstNameTextboxInEnquiryFormRenderedWithDefaultValueInMobileView(java.lang.String, java.lang.String)[pri:20, instance:test.v2solutions.pages.TestV2SolutionsContactUsPage@4690b489]" name="verifyFirstNameTextboxInEnquiryFormRenderedWithDefaultValueInMobileView" class="test.v2solutions.pages.TestV2SolutionsContactUsPage"/>
        <method signature="TestV2SolutionsContactUsPage.verifyH2HeaderTextInMobileView(java.lang.String, java.lang.String)[pri:18, instance:test.v2solutions.pages.TestV2SolutionsContactUsPage@4690b489]" name="verifyH2HeaderTextInMobileView" class="test.v2solutions.pages.TestV2SolutionsContactUsPage"/>
        <method signature="TestV2SolutionsContactUsPage.verifyMapAndAddressRepresentHorizontallyInMobileView(java.lang.String, java.lang.String)[pri:23, instance:test.v2solutions.pages.TestV2SolutionsContactUsPage@4690b489]" name="verifyMapAndAddressRepresentHorizontallyInMobileView" class="test.v2solutions.pages.TestV2SolutionsContactUsPage"/>
        <method signature="TestV2SolutionsContactUsPage.verifyPageIsResizedToMobileViewLayout(java.lang.String, java.lang.String, java.lang.String)[pri:17, instance:test.v2solutions.pages.TestV2SolutionsContactUsPage@4690b489]" name="verifyPageIsResizedToMobileViewLayout" class="test.v2solutions.pages.TestV2SolutionsContactUsPage"/>
        <method signature="TestV2SolutionsContactUsPage.verifySocialIconRenderedInMobileView(java.lang.String)[pri:24, instance:test.v2solutions.pages.TestV2SolutionsContactUsPage@4690b489]" name="verifySocialIconRenderedInMobileView" class="test.v2solutions.pages.TestV2SolutionsContactUsPage"/>
        <method signature="TestV2SolutionsContactUsPage.verifyUSAndIndiaContactLocationDisplayedInMobileView(java.lang.String)[pri:22, instance:test.v2solutions.pages.TestV2SolutionsContactUsPage@4690b489]" name="verifyUSAndIndiaContactLocationDisplayedInMobileView" class="test.v2solutions.pages.TestV2SolutionsContactUsPage"/>
      </group> <!-- Mobile -->
    </groups>
    <test name="TabletRegression" duration-ms="94014" started-at="2017-02-02T09:15:47Z" finished-at="2017-02-02T09:17:21Z">
      <class name="test.v2solutions.pages.TestV2SolutionsContactUsPage">
        <test-method status="PASS" signature="prepareBeforeClass()[pri:0, instance:test.v2solutions.pages.TestV2SolutionsContactUsPage@4690b489]" name="prepareBeforeClass" is-config="true" duration-ms="47586" started-at="2017-02-02T14:45:47Z" finished-at="2017-02-02T14:46:35Z">
          <reporter-output>
          </reporter-output>
        </test-method> <!-- prepareBeforeClass -->
        <test-method status="PASS" signature="printTimeStart(java.lang.reflect.Method)[pri:0, instance:test.v2solutions.pages.TestV2SolutionsContactUsPage@4690b489]" name="printTimeStart" is-config="true" duration-ms="1" started-at="2017-02-02T14:46:35Z" finished-at="2017-02-02T14:46:35Z">
          <params>
            <param index="0">
              <value>
                <![CDATA[public void test.v2solutions.pages.TestV2SolutionsContactUsPage.verifyPageIsResizedToMobileViewLayout(java.lang.String,java.lang.String,java.lang.String)]]>
              </value>
            </param>
          </params>
          <reporter-output>
          </reporter-output>
        </test-method> <!-- printTimeStart -->
        <test-method status="PASS" signature="verifyPageIsResizedToMobileViewLayout(java.lang.String, java.lang.String, java.lang.String)[pri:17, instance:test.v2solutions.pages.TestV2SolutionsContactUsPage@4690b489]" name="verifyPageIsResizedToMobileViewLayout" duration-ms="5" started-at="2017-02-02T14:46:35Z" description="Verify Page is Resized to &#039;Mobile view&#039; Layout" data-provider="tafDataProvider" finished-at="2017-02-02T14:46:35Z">
          <params>
            <param index="0">
              <value>
                <![CDATA[685]]>
              </value>
            </param>
            <param index="1">
              <value>
                <![CDATA[800]]>
              </value>
            </param>
            <param index="2">
              <value>
                <![CDATA[1]]>
              </value>
            </param>
          </params>
          <reporter-output>
          </reporter-output>
        </test-method> <!-- verifyPageIsResizedToMobileViewLayout -->
        <test-method status="PASS" signature="printTimeTaken(java.lang.reflect.Method)[pri:0, instance:test.v2solutions.pages.TestV2SolutionsContactUsPage@4690b489]" name="printTimeTaken" is-config="true" duration-ms="0" started-at="2017-02-02T14:46:35Z" finished-at="2017-02-02T14:46:35Z">
          <params>
            <param index="0">
              <value>
                <![CDATA[public void test.v2solutions.pages.TestV2SolutionsContactUsPage.verifyPageIsResizedToMobileViewLayout(java.lang.String,java.lang.String,java.lang.String)]]>
              </value>
            </param>
          </params>
          <reporter-output>
          </reporter-output>
        </test-method> <!-- printTimeTaken -->
        <test-method status="PASS" signature="printTimeStart(java.lang.reflect.Method)[pri:0, instance:test.v2solutions.pages.TestV2SolutionsContactUsPage@4690b489]" name="printTimeStart" is-config="true" duration-ms="1" started-at="2017-02-02T14:46:35Z" finished-at="2017-02-02T14:46:35Z">
          <params>
            <param index="0">
              <value>
                <![CDATA[public void test.v2solutions.pages.TestV2SolutionsContactUsPage.verifyH2HeaderTextInMobileView(java.lang.String,java.lang.String)]]>
              </value>
            </param>
          </params>
          <reporter-output>
          </reporter-output>
        </test-method> <!-- printTimeStart -->
        <test-method status="PASS" signature="verifyH2HeaderTextInMobileView(java.lang.String, java.lang.String)[pri:18, instance:test.v2solutions.pages.TestV2SolutionsContactUsPage@4690b489]" name="verifyH2HeaderTextInMobileView" duration-ms="343" started-at="2017-02-02T14:46:35Z" description="Verify H2 header in Mobile view" data-provider="tafDataProvider" finished-at="2017-02-02T14:46:36Z">
          <params>
            <param index="0">
              <value>
                <![CDATA[//h2]]>
              </value>
            </param>
            <param index="1">
              <value>
                <![CDATA[CONTACT US]]>
              </value>
            </param>
          </params>
          <reporter-output>
          </reporter-output>
        </test-method> <!-- verifyH2HeaderTextInMobileView -->
        <test-method status="PASS" signature="printTimeTaken(java.lang.reflect.Method)[pri:0, instance:test.v2solutions.pages.TestV2SolutionsContactUsPage@4690b489]" name="printTimeTaken" is-config="true" duration-ms="0" started-at="2017-02-02T14:46:36Z" finished-at="2017-02-02T14:46:36Z">
          <params>
            <param index="0">
              <value>
                <![CDATA[public void test.v2solutions.pages.TestV2SolutionsContactUsPage.verifyH2HeaderTextInMobileView(java.lang.String,java.lang.String)]]>
              </value>
            </param>
          </params>
          <reporter-output>
          </reporter-output>
        </test-method> <!-- printTimeTaken -->
        <test-method status="PASS" signature="printTimeStart(java.lang.reflect.Method)[pri:0, instance:test.v2solutions.pages.TestV2SolutionsContactUsPage@4690b489]" name="printTimeStart" is-config="true" duration-ms="1" started-at="2017-02-02T14:46:36Z" finished-at="2017-02-02T14:46:36Z">
          <params>
            <param index="0">
              <value>
                <![CDATA[public void test.v2solutions.pages.TestV2SolutionsContactUsPage.verifyEnquiryFormSectionDisplayedInMobileView(java.lang.String)]]>
              </value>
            </param>
          </params>
          <reporter-output>
          </reporter-output>
        </test-method> <!-- printTimeStart -->
        <test-method status="PASS" signature="verifyEnquiryFormSectionDisplayedInMobileView(java.lang.String)[pri:19, instance:test.v2solutions.pages.TestV2SolutionsContactUsPage@4690b489]" name="verifyEnquiryFormSectionDisplayedInMobileView" duration-ms="1327" started-at="2017-02-02T14:46:36Z" description="Verify Enquiry form details section not displayed in Mobile View" data-provider="tafDataProvider" finished-at="2017-02-02T14:46:37Z">
          <params>
            <param index="0">
              <value>
                <![CDATA[//div[@class='col-sm-5']]]>
              </value>
            </param>
          </params>
          <reporter-output>
          </reporter-output>
        </test-method> <!-- verifyEnquiryFormSectionDisplayedInMobileView -->
        <test-method status="PASS" signature="printTimeTaken(java.lang.reflect.Method)[pri:0, instance:test.v2solutions.pages.TestV2SolutionsContactUsPage@4690b489]" name="printTimeTaken" is-config="true" duration-ms="1" started-at="2017-02-02T14:46:37Z" finished-at="2017-02-02T14:46:37Z">
          <params>
            <param index="0">
              <value>
                <![CDATA[public void test.v2solutions.pages.TestV2SolutionsContactUsPage.verifyEnquiryFormSectionDisplayedInMobileView(java.lang.String)]]>
              </value>
            </param>
          </params>
          <reporter-output>
          </reporter-output>
        </test-method> <!-- printTimeTaken -->
        <test-method status="PASS" signature="verifyFirstNameTextboxInEnquiryFormRenderedWithDefaultValueInMobileView(java.lang.String, java.lang.String)[pri:20, instance:test.v2solutions.pages.TestV2SolutionsContactUsPage@4690b489]" name="verifyFirstNameTextboxInEnquiryFormRenderedWithDefaultValueInMobileView" duration-ms="320" started-at="2017-02-02T14:46:37Z" description="Verify default textbox value of &#039;First Name&#039; in Mobile View" data-provider="tafDataProvider" finished-at="2017-02-02T14:46:37Z">
          <params>
            <param index="0">
              <value>
                <![CDATA[//*[@id='contact_first_name']]]>
              </value>
            </param>
            <param index="1">
              <value>
                <![CDATA[First Name*]]>
              </value>
            </param>
          </params>
          <reporter-output>
          </reporter-output>
        </test-method> <!-- verifyFirstNameTextboxInEnquiryFormRenderedWithDefaultValueInMobileView -->
        <test-method status="PASS" signature="printTimeStart(java.lang.reflect.Method)[pri:0, instance:test.v2solutions.pages.TestV2SolutionsContactUsPage@4690b489]" name="printTimeStart" is-config="true" duration-ms="0" started-at="2017-02-02T14:46:37Z" finished-at="2017-02-02T14:46:37Z">
          <params>
            <param index="0">
              <value>
                <![CDATA[public void test.v2solutions.pages.TestV2SolutionsContactUsPage.verifyFirstNameTextboxInEnquiryFormRenderedWithDefaultValueInMobileView(java.lang.String,java.lang.String)]]>
              </value>
            </param>
          </params>
          <reporter-output>
          </reporter-output>
        </test-method> <!-- printTimeStart -->
        <test-method status="PASS" signature="printTimeTaken(java.lang.reflect.Method)[pri:0, instance:test.v2solutions.pages.TestV2SolutionsContactUsPage@4690b489]" name="printTimeTaken" is-config="true" duration-ms="0" started-at="2017-02-02T14:46:37Z" finished-at="2017-02-02T14:46:37Z">
          <params>
            <param index="0">
              <value>
                <![CDATA[public void test.v2solutions.pages.TestV2SolutionsContactUsPage.verifyFirstNameTextboxInEnquiryFormRenderedWithDefaultValueInMobileView(java.lang.String,java.lang.String)]]>
              </value>
            </param>
          </params>
          <reporter-output>
          </reporter-output>
        </test-method> <!-- printTimeTaken -->
        <test-method status="PASS" signature="printTimeStart(java.lang.reflect.Method)[pri:0, instance:test.v2solutions.pages.TestV2SolutionsContactUsPage@4690b489]" name="printTimeStart" is-config="true" duration-ms="1" started-at="2017-02-02T14:46:37Z" finished-at="2017-02-02T14:46:37Z">
          <params>
            <param index="0">
              <value>
                <![CDATA[public void test.v2solutions.pages.TestV2SolutionsContactUsPage.validateEmailErrorMessageInEnquiryDetailsFormInMobileView(java.lang.String,java.lang.String,java.lang.String,java.lang.String)]]>
              </value>
            </param>
          </params>
          <reporter-output>
          </reporter-output>
        </test-method> <!-- printTimeStart -->
        <test-method status="PASS" signature="validateEmailErrorMessageInEnquiryDetailsFormInMobileView(java.lang.String, java.lang.String, java.lang.String, java.lang.String)[pri:21, instance:test.v2solutions.pages.TestV2SolutionsContactUsPage@4690b489]" name="validateEmailErrorMessageInEnquiryDetailsFormInMobileView" duration-ms="2799" started-at="2017-02-02T14:46:37Z" description="Verify default textbox value of &#039;First Name&#039; in Mobile View" data-provider="tafDataProvider" finished-at="2017-02-02T14:46:40Z">
          <params>
            <param index="0">
              <value>
                <![CDATA[//*[@id='contact_email']]]>
              </value>
            </param>
            <param index="1">
              <value>
                <![CDATA[//*[@class='errorMsg errorStyle']]]>
              </value>
            </param>
            <param index="2">
              <value>
                <![CDATA[test]]>
              </value>
            </param>
            <param index="3">
              <value>
                <![CDATA[Please enter valid email address]]>
              </value>
            </param>
          </params>
          <reporter-output>
          </reporter-output>
        </test-method> <!-- validateEmailErrorMessageInEnquiryDetailsFormInMobileView -->
        <test-method status="PASS" signature="printTimeTaken(java.lang.reflect.Method)[pri:0, instance:test.v2solutions.pages.TestV2SolutionsContactUsPage@4690b489]" name="printTimeTaken" is-config="true" duration-ms="0" started-at="2017-02-02T14:46:40Z" finished-at="2017-02-02T14:46:40Z">
          <params>
            <param index="0">
              <value>
                <![CDATA[public void test.v2solutions.pages.TestV2SolutionsContactUsPage.validateEmailErrorMessageInEnquiryDetailsFormInMobileView(java.lang.String,java.lang.String,java.lang.String,java.lang.String)]]>
              </value>
            </param>
          </params>
          <reporter-output>
          </reporter-output>
        </test-method> <!-- printTimeTaken -->
        <test-method status="PASS" signature="verifyUSAndIndiaContactLocationDisplayedInMobileView(java.lang.String)[pri:22, instance:test.v2solutions.pages.TestV2SolutionsContactUsPage@4690b489]" name="verifyUSAndIndiaContactLocationDisplayedInMobileView" duration-ms="1332" started-at="2017-02-02T14:46:40Z" description="US and India contact location section not present in Mobile View" data-provider="tafDataProvider" finished-at="2017-02-02T14:46:41Z">
          <params>
            <param index="0">
              <value>
                <![CDATA[//div[contains(@class,'contact-office')]]]>
              </value>
            </param>
          </params>
          <reporter-output>
          </reporter-output>
        </test-method> <!-- verifyUSAndIndiaContactLocationDisplayedInMobileView -->
        <test-method status="PASS" signature="printTimeStart(java.lang.reflect.Method)[pri:0, instance:test.v2solutions.pages.TestV2SolutionsContactUsPage@4690b489]" name="printTimeStart" is-config="true" duration-ms="0" started-at="2017-02-02T14:46:40Z" finished-at="2017-02-02T14:46:40Z">
          <params>
            <param index="0">
              <value>
                <![CDATA[public void test.v2solutions.pages.TestV2SolutionsContactUsPage.verifyUSAndIndiaContactLocationDisplayedInMobileView(java.lang.String)]]>
              </value>
            </param>
          </params>
          <reporter-output>
          </reporter-output>
        </test-method> <!-- printTimeStart -->
        <test-method status="PASS" signature="printTimeTaken(java.lang.reflect.Method)[pri:0, instance:test.v2solutions.pages.TestV2SolutionsContactUsPage@4690b489]" name="printTimeTaken" is-config="true" duration-ms="2" started-at="2017-02-02T14:46:41Z" finished-at="2017-02-02T14:46:41Z">
          <params>
            <param index="0">
              <value>
                <![CDATA[public void test.v2solutions.pages.TestV2SolutionsContactUsPage.verifyUSAndIndiaContactLocationDisplayedInMobileView(java.lang.String)]]>
              </value>
            </param>
          </params>
          <reporter-output>
          </reporter-output>
        </test-method> <!-- printTimeTaken -->
        <test-method status="PASS" signature="printTimeStart(java.lang.reflect.Method)[pri:0, instance:test.v2solutions.pages.TestV2SolutionsContactUsPage@4690b489]" name="printTimeStart" is-config="true" duration-ms="0" started-at="2017-02-02T14:46:41Z" finished-at="2017-02-02T14:46:41Z">
          <params>
            <param index="0">
              <value>
                <![CDATA[public void test.v2solutions.pages.TestV2SolutionsContactUsPage.verifyMapAndAddressRepresentHorizontallyInMobileView(java.lang.String,java.lang.String)]]>
              </value>
            </param>
          </params>
          <reporter-output>
          </reporter-output>
        </test-method> <!-- printTimeStart -->
        <test-method status="FAIL" signature="verifyMapAndAddressRepresentHorizontallyInMobileView(java.lang.String, java.lang.String)[pri:23, instance:test.v2solutions.pages.TestV2SolutionsContactUsPage@4690b489]" name="verifyMapAndAddressRepresentHorizontallyInMobileView" duration-ms="6608" started-at="2017-02-02T14:46:41Z" description="Verify Map and Address section rendered parally in horizontal manner in Mobile view" data-provider="tafDataProvider" finished-at="2017-02-02T14:46:48Z">
          <params>
            <param index="0">
              <value>
                <![CDATA[(//div[@class='mapwtdata']//iframe)[1]]]>
              </value>
            </param>
            <param index="1">
              <value>
                <![CDATA[(//div[@class='mapwtdata']//div[@class='col-md-12 col-lg-5'])[1]]]>
              </value>
            </param>
          </params>
          <exception class="java.lang.AssertionError">
            <message>
              <![CDATA[The provided server address to RemoteWebDriver is invalid, so the connection could not be established. The browser has died mid-test.]]>
            </message>
            <full-stacktrace>
              <![CDATA[java.lang.AssertionError: The provided server address to RemoteWebDriver is invalid, so the connection could not be established. The browser has died mid-test.
	at org.testng.Assert.fail(Assert.java:83)
	at com.v2solutions.taf.common.pages.CommonPage.logAndCreateADefect(CommonPage.java:369)
	at test.v2solutions.pages.TestV2SolutionsContactUsPage.verifyMapAndAddressRepresentHorizontallyInMobileView(TestV2SolutionsContactUsPage.java:525)
	at sun.reflect.NativeMethodAccessorImpl.invoke0(Native Method)
	at sun.reflect.NativeMethodAccessorImpl.invoke(NativeMethodAccessorImpl.java:62)
	at sun.reflect.DelegatingMethodAccessorImpl.invoke(DelegatingMethodAccessorImpl.java:43)
	at java.lang.reflect.Method.invoke(Method.java:483)
	at org.testng.internal.MethodInvocationHelper.invokeMethod(MethodInvocationHelper.java:86)
	at org.testng.internal.Invoker.invokeMethod(Invoker.java:643)
	at org.testng.internal.Invoker.invokeTestMethod(Invoker.java:820)
	at org.testng.internal.Invoker.invokeTestMethods(Invoker.java:1128)
	at org.testng.internal.TestMethodWorker.invokeTestMethods(TestMethodWorker.java:129)
	at org.testng.internal.TestMethodWorker.run(TestMethodWorker.java:112)
	at org.testng.TestRunner.privateRun(TestRunner.java:782)
	at org.testng.TestRunner.run(TestRunner.java:632)
	at org.testng.SuiteRunner.runTest(SuiteRunner.java:366)
	at org.testng.SuiteRunner.runSequentially(SuiteRunner.java:361)
	at org.testng.SuiteRunner.privateRun(SuiteRunner.java:319)
	at org.testng.SuiteRunner.run(SuiteRunner.java:268)
	at org.testng.SuiteRunnerWorker.runSuite(SuiteRunnerWorker.java:52)
	at org.testng.SuiteRunnerWorker.run(SuiteRunnerWorker.java:86)
	at org.testng.TestNG.runSuitesSequentially(TestNG.java:1244)
	at org.testng.TestNG.runSuitesLocally(TestNG.java:1169)
	at org.testng.TestNG.run(TestNG.java:1064)
	at org.testng.remote.AbstractRemoteTestNG.run(AbstractRemoteTestNG.java:132)
	at org.testng.remote.RemoteTestNG.initAndRun(RemoteTestNG.java:236)
	at org.testng.remote.RemoteTestNG.main(RemoteTestNG.java:81)
Caused by: com.v2solutions.taf.common.logs.AnalizerException: The provided server address to RemoteWebDriver is invalid, so the connection could not be established. The browser has died mid-test.
	at com.v2solutions.taf.common.pages.CommonPage.logAndCreateADefect(CommonPage.java:363)
	... 25 more
Caused by: org.openqa.selenium.remote.UnreachableBrowserException: Error communicating with the remote browser. It may have died.
Build info: version: '2.53.1', revision: 'a36b8b1cd5757287168e54b817830adce9b0158d', time: '2016-06-30 19:26:09'
System info: host: 'V2MUMPC0014', ip: '192.168.15.171', os.name: 'Windows 7', os.arch: 'amd64', os.version: '6.1', java.version: '1.8.0_25'
Driver info: driver.version: RemoteWebDriver
Capabilities [{noReset=true, safari=true, enablePersistentHover=false, browserstack.tunnelIdentifier=, loggingPrefs={performance=ALL, browser=ALL}, language=Apache-HttpClient/4.3.5 (java 1.5), resolution=1280x1024, deviceName==iPhone 6 (8.3 Simulator) [B6160656-BD94-4E03-A734-BD96BB6E5BD0], platform=MAC, browserstack.video.disableWaterMark=false, desired={noReset=true, enablePersistentHover=false, browserstack.tunnelIdentifier=, loggingPrefs={performance=ALL, browser=ALL}, language=Apache-HttpClient/4.3.5 (java 1.5), resolution=1280x1024, deviceName==iPhone 6 (8.3 Simulator) [B6160656-BD94-4E03-A734-BD96BB6E5BD0], platform=MAC, browserstack.video.disableWaterMark=false, osVersion=8.3, acceptSslCerts=false, newCommandTimeout=300, requireWindowFocus=true, browser=iphone, platformVersion=8.3, acceptSslCert=false, browserName=safari, platformName=iOS, 64bit=false, browserstack.debug=true, orientation=portrait, os=MAC, browserstack.ie.noFlash=false, os_version=, mobile={"browser":"mobile","version":"iPhone 6-8.3"}, version=, browserstack.video=true, safariIgnoreFraudWarning=true, orig_os=macyos, realMobile=false, deviceOrientation=PORTRAIT, ignoreProtectedModeSettings=true, device=iPhone 6, browserstack.callbackStop=true, proxy_type=node}, osVersion=8.3, acceptSslCerts=false, newCommandTimeout=300, requireWindowFocus=true, browser=iphone, platformVersion=8.3, webStorageEnabled=false, acceptSslCert=false, browserName=safari, takesScreenshot=true, javascriptEnabled=true, platformName=iOS, 64bit=false, browserstack.debug=true, networkConnectionEnabled=false, orientation=portrait, os=MAC, browserstack.ie.noFlash=false, warnings={}, os_version=, mobile={"browser":"mobile","version":"iPhone 6-8.3"}, databaseEnabled=false, version=, browserstack.video=true, safariIgnoreFraudWarning=true, orig_os=macyos, realMobile=false, locationContextEnabled=false, deviceOrientation=PORTRAIT, ignoreProtectedModeSettings=true, device=iPhone 6, browserstack.callbackStop=true, proxy_type=node}]
Session ID: 9fc51238be58ec0ed5e355087120c4a92171cc45
	at org.openqa.selenium.remote.RemoteWebDriver.execute(RemoteWebDriver.java:665)
	at org.openqa.selenium.remote.RemoteWebElement.execute(RemoteWebElement.java:327)
	at org.openqa.selenium.remote.RemoteWebElement.getLocation(RemoteWebElement.java:380)
	at com.v2solutions.pages.V2SolutionContactUsPage.verifyComponentPositionInMobile(V2SolutionContactUsPage.java:212)
	at test.v2solutions.pages.TestV2SolutionsContactUsPage.verifyMapAndAddressRepresentHorizontallyInMobileView(TestV2SolutionsContactUsPage.java:522)
	... 24 more
Caused by: java.lang.NumberFormatException: For input string: "37.5"
	at java.lang.NumberFormatException.forInputString(NumberFormatException.java:65)
	at java.lang.Integer.parseInt(Integer.java:580)
	at java.math.BigInteger.<init>(BigInteger.java:461)
	at java.math.BigInteger.<init>(BigInteger.java:597)
	at com.google.gson.internal.LazilyParsedNumber.longValue(LazilyParsedNumber.java:51)
	at com.google.gson.JsonPrimitive.getAsLong(JsonPrimitive.java:233)
	at org.openqa.selenium.remote.JsonToBeanConverter.convertJsonPrimitive(JsonToBeanConverter.java:249)
	at org.openqa.selenium.remote.JsonToBeanConverter.convert(JsonToBeanConverter.java:75)
	at org.openqa.selenium.remote.JsonToBeanConverter.convertMap(JsonToBeanConverter.java:344)
	at org.openqa.selenium.remote.JsonToBeanConverter.convert(JsonToBeanConverter.java:219)
	at org.openqa.selenium.remote.JsonToBeanConverter.convert(JsonToBeanConverter.java:43)
	at org.openqa.selenium.remote.JsonToBeanConverter.convert(JsonToBeanConverter.java:144)
	at org.openqa.selenium.remote.JsonToBeanConverter.convert(JsonToBeanConverter.java:43)
	at org.openqa.selenium.remote.http.JsonHttpResponseCodec.decode(JsonHttpResponseCodec.java:78)
	at org.openqa.selenium.remote.HttpCommandExecutor.execute(HttpCommandExecutor.java:145)
	at org.openqa.selenium.remote.RemoteWebDriver.execute(RemoteWebDriver.java:644)
	... 28 more
]]>
            </full-stacktrace>
          </exception> <!-- java.lang.AssertionError -->
          <reporter-output>
          </reporter-output>
        </test-method> <!-- verifyMapAndAddressRepresentHorizontallyInMobileView -->
        <test-method status="PASS" signature="printTimeTaken(java.lang.reflect.Method)[pri:0, instance:test.v2solutions.pages.TestV2SolutionsContactUsPage@4690b489]" name="printTimeTaken" is-config="true" duration-ms="1" started-at="2017-02-02T14:46:48Z" finished-at="2017-02-02T14:46:48Z">
          <params>
            <param index="0">
              <value>
                <![CDATA[public void test.v2solutions.pages.TestV2SolutionsContactUsPage.verifyMapAndAddressRepresentHorizontallyInMobileView(java.lang.String,java.lang.String)]]>
              </value>
            </param>
          </params>
          <reporter-output>
          </reporter-output>
        </test-method> <!-- printTimeTaken -->
        <test-method status="PASS" signature="verifySocialIconRenderedInMobileView(java.lang.String)[pri:24, instance:test.v2solutions.pages.TestV2SolutionsContactUsPage@4690b489]" name="verifySocialIconRenderedInMobileView" duration-ms="5644" started-at="2017-02-02T14:46:48Z" description="In Mobile View- Verify &#039;Facebook&#039;, &#039;Twitter&#039; and &#039;Linkedin&#039; social icons rendered" data-provider="tafDataProvider" finished-at="2017-02-02T14:46:54Z">
          <params>
            <param index="0">
              <value>
                <![CDATA[(//div[@class='row Smedia']//a)[1]]]>
              </value>
            </param>
          </params>
          <reporter-output>
          </reporter-output>
        </test-method> <!-- verifySocialIconRenderedInMobileView -->
        <test-method status="PASS" signature="printTimeStart(java.lang.reflect.Method)[pri:0, instance:test.v2solutions.pages.TestV2SolutionsContactUsPage@4690b489]" name="printTimeStart" is-config="true" duration-ms="0" started-at="2017-02-02T14:46:48Z" finished-at="2017-02-02T14:46:48Z">
          <params>
            <param index="0">
              <value>
                <![CDATA[public void test.v2solutions.pages.TestV2SolutionsContactUsPage.verifySocialIconRenderedInMobileView(java.lang.String)]]>
              </value>
            </param>
          </params>
          <reporter-output>
          </reporter-output>
        </test-method> <!-- printTimeStart -->
        <test-method status="PASS" signature="printTimeTaken(java.lang.reflect.Method)[pri:0, instance:test.v2solutions.pages.TestV2SolutionsContactUsPage@4690b489]" name="printTimeTaken" is-config="true" duration-ms="1" started-at="2017-02-02T14:46:54Z" finished-at="2017-02-02T14:46:54Z">
          <params>
            <param index="0">
              <value>
                <![CDATA[public void test.v2solutions.pages.TestV2SolutionsContactUsPage.verifySocialIconRenderedInMobileView(java.lang.String)]]>
              </value>
            </param>
          </params>
          <reporter-output>
          </reporter-output>
        </test-method> <!-- printTimeTaken -->
        <test-method status="PASS" signature="printTimeStart(java.lang.reflect.Method)[pri:0, instance:test.v2solutions.pages.TestV2SolutionsContactUsPage@4690b489]" name="printTimeStart" is-config="true" duration-ms="0" started-at="2017-02-02T14:46:54Z" finished-at="2017-02-02T14:46:54Z">
          <params>
            <param index="0">
              <value>
                <![CDATA[public void test.v2solutions.pages.TestV2SolutionsContactUsPage.verifySocialIconRenderedInMobileView(java.lang.String)]]>
              </value>
            </param>
          </params>
          <reporter-output>
          </reporter-output>
        </test-method> <!-- printTimeStart -->
        <test-method status="PASS" signature="verifySocialIconRenderedInMobileView(java.lang.String)[pri:24, instance:test.v2solutions.pages.TestV2SolutionsContactUsPage@4690b489]" name="verifySocialIconRenderedInMobileView" duration-ms="5641" started-at="2017-02-02T14:46:54Z" description="In Mobile View- Verify &#039;Facebook&#039;, &#039;Twitter&#039; and &#039;Linkedin&#039; social icons rendered" data-provider="tafDataProvider" finished-at="2017-02-02T14:46:59Z">
          <params>
            <param index="0">
              <value>
                <![CDATA[(//div[@class='row Smedia']//a)[2]]]>
              </value>
            </param>
          </params>
          <reporter-output>
          </reporter-output>
        </test-method> <!-- verifySocialIconRenderedInMobileView -->
        <test-method status="PASS" signature="printTimeStart(java.lang.reflect.Method)[pri:0, instance:test.v2solutions.pages.TestV2SolutionsContactUsPage@4690b489]" name="printTimeStart" is-config="true" duration-ms="1" started-at="2017-02-02T14:46:59Z" finished-at="2017-02-02T14:46:59Z">
          <params>
            <param index="0">
              <value>
                <![CDATA[public void test.v2solutions.pages.TestV2SolutionsContactUsPage.verifySocialIconRenderedInMobileView(java.lang.String)]]>
              </value>
            </param>
          </params>
          <reporter-output>
          </reporter-output>
        </test-method> <!-- printTimeStart -->
        <test-method status="PASS" signature="printTimeTaken(java.lang.reflect.Method)[pri:0, instance:test.v2solutions.pages.TestV2SolutionsContactUsPage@4690b489]" name="printTimeTaken" is-config="true" duration-ms="0" started-at="2017-02-02T14:46:59Z" finished-at="2017-02-02T14:46:59Z">
          <params>
            <param index="0">
              <value>
                <![CDATA[public void test.v2solutions.pages.TestV2SolutionsContactUsPage.verifySocialIconRenderedInMobileView(java.lang.String)]]>
              </value>
            </param>
          </params>
          <reporter-output>
          </reporter-output>
        </test-method> <!-- printTimeTaken -->
        <test-method status="PASS" signature="verifySocialIconRenderedInMobileView(java.lang.String)[pri:24, instance:test.v2solutions.pages.TestV2SolutionsContactUsPage@4690b489]" name="verifySocialIconRenderedInMobileView" duration-ms="6333" started-at="2017-02-02T14:46:59Z" description="In Mobile View- Verify &#039;Facebook&#039;, &#039;Twitter&#039; and &#039;Linkedin&#039; social icons rendered" data-provider="tafDataProvider" finished-at="2017-02-02T14:47:06Z">
          <params>
            <param index="0">
              <value>
                <![CDATA[(//div[@class='row Smedia']//a)[3]]]>
              </value>
            </param>
          </params>
          <reporter-output>
          </reporter-output>
        </test-method> <!-- verifySocialIconRenderedInMobileView -->
        <test-method status="PASS" signature="printTimeTaken(java.lang.reflect.Method)[pri:0, instance:test.v2solutions.pages.TestV2SolutionsContactUsPage@4690b489]" name="printTimeTaken" is-config="true" duration-ms="1" started-at="2017-02-02T14:47:06Z" finished-at="2017-02-02T14:47:06Z">
          <params>
            <param index="0">
              <value>
                <![CDATA[public void test.v2solutions.pages.TestV2SolutionsContactUsPage.verifySocialIconRenderedInMobileView(java.lang.String)]]>
              </value>
            </param>
          </params>
          <reporter-output>
          </reporter-output>
        </test-method> <!-- printTimeTaken -->
        <test-method status="PASS" signature="tearDown()[pri:0, instance:test.v2solutions.pages.TestV2SolutionsContactUsPage@4690b489]" name="tearDown" is-config="true" duration-ms="15516" started-at="2017-02-02T14:47:06Z" finished-at="2017-02-02T14:47:21Z">
          <reporter-output>
          </reporter-output>
        </test-method> <!-- tearDown -->
        <test-method status="PASS" signature="shutDownDriver()[pri:0, instance:test.v2solutions.pages.TestV2SolutionsContactUsPage@4690b489]" name="shutDownDriver" is-config="true" duration-ms="1" started-at="2017-02-02T14:47:21Z" finished-at="2017-02-02T14:47:21Z">
          <reporter-output>
          </reporter-output>
        </test-method> <!-- shutDownDriver -->
      </class> <!-- test.v2solutions.pages.TestV2SolutionsContactUsPage -->
    </test> <!-- TabletRegression -->
  </suite> <!-- Regression suite -->
</testng-results>
