<?xml version="1.0" encoding="UTF-8"?>
<!-- Generated by org.testng.reporters.JUnitXMLReporter -->
<testsuite hostname="V2MUMPC0455" name="TabletRegression" tests="6" failures="0" timestamp="8 Feb 2017 12:00:32 GMT" time="0.854" errors="0">
  <testcase name="@BeforeClass prepareBeforeClass" time="0.0" classname="test.v2solutions.cisco.TestCISCO_TC">
    <failure type="java.lang.NullPointerException">
      <![CDATA[java.lang.NullPointerException
	at java.lang.String.replace(String.java:2227)
	at com.v2solutions.common.BaseTest.constructURL(BaseTest.java:194)
	at test.v2solutions.cisco.TestCISCO_TC.loadUrl(TestCISCO_TC.java:51)
	at test.v2solutions.cisco.TestCISCO_TC.prepareBeforeClass(TestCISCO_TC.java:41)
... Removed 24 stack frames]]>
    </failure>
  </testcase> <!-- @BeforeClass prepareBeforeClass -->
  <testcase name="" time="0.008" classname="test.v2solutions.cisco.TestCISCO_TC">
    <skipped/>
  </testcase> <!--  -->
  <testcase name="" time="0.002" classname="test.v2solutions.cisco.TestCISCO_TC">
    <skipped/>
  </testcase> <!--  -->
  <testcase name="" time="0.003" classname="test.v2solutions.cisco.TestCISCO_TC">
    <skipped/>
  </testcase> <!--  -->
  <testcase name="" time="0.004" classname="test.v2solutions.cisco.TestCISCO_TC">
    <skipped/>
  </testcase> <!--  -->
  <testcase name="" time="0.002" classname="test.v2solutions.cisco.TestCISCO_TC">
    <skipped/>
  </testcase> <!--  -->
  <testcase name="" time="0.004" classname="test.v2solutions.cisco.TestCISCO_TC">
    <skipped/>
  </testcase> <!--  -->
</testsuite> <!-- TabletRegression -->
