<?xml version="1.0" encoding="UTF-8"?>
<!-- Generated by org.testng.reporters.JUnitXMLReporter -->
<testsuite hostname="V2MUMPC0455" name="V2SolutionsHomePage" tests="16" failures="6" timestamp="8 Feb 2017 12:41:52 GMT" time="207.519" errors="0">
  <testcase name="" time="4.265" classname="test.v2solutions.cisco.TestCISCO_TC"/>
  <testcase name="" time="15.581" classname="test.v2solutions.cisco.TestCISCO_TC">
    <failure type="java.lang.AssertionError" message="failed to find page object by xpath , message : org.openqa.selenium.NoSuchElementException: no such element: Unable to locate element: {&amp;quot;method&amp;quot;:&amp;quot;xpath&amp;quot;,&amp;quot;selector&amp;quot;:&amp;quot;//*[@class=&amp;apos;username&amp;apos;]&amp;quot;}
  (Session info: chrome=56.0.2924.87)
  (Driver info: chromedriver=2.24.417431 (9aea000394714d2fbb20850021f6204f2256b9cf),platform=Windows NT 6.1.7601 SP1 x86_64) (WARNING: The server did not provide any stacktrace information)
Command duration or timeout: 29 milliseconds
For documentation on this error, please visit: http://seleniumhq.org/exceptions/no_such_element.html
B Reasons-Wrong Locator. Or element may not yet be on the screen at the time of the find operation, due to slow internet.">
      <![CDATA[java.lang.AssertionError: failed to find page object by xpath , message : org.openqa.selenium.NoSuchElementException: no such element: Unable to locate element: {"method":"xpath","selector":"//*[@class='username']"}
  (Session info: chrome=56.0.2924.87)
  (Driver info: chromedriver=2.24.417431 (9aea000394714d2fbb20850021f6204f2256b9cf),platform=Windows NT 6.1.7601 SP1 x86_64) (WARNING: The server did not provide any stacktrace information)
Command duration or timeout: 29 milliseconds
For documentation on this error, please visit: http://seleniumhq.org/exceptions/no_such_element.html
B Reasons-Wrong Locator. Or element may not yet be on the screen at the time of the find operation, due to slow internet.
	at com.v2solutions.taf.common.pages.CommonPage.logAndCreateADefect(CommonPage.java:369)
	at test.v2solutions.cisco.TestCISCO_TC.inDesktopViewVerifyUserCanLoginWithValidCredentials(TestCISCO_TC.java:100)
Caused by: com.v2solutions.taf.common.logs.AnalizerException: failed to find page object by xpath , message : org.openqa.selenium.NoSuchElementException: no such element: Unable to locate element: {"method":"xpath","selector":"//*[@class='username']"}
  (Session info: chrome=56.0.2924.87)
  (Driver info: chromedriver=2.24.417431 (9aea000394714d2fbb20850021f6204f2256b9cf),platform=Windows NT 6.1.7601 SP1 x86_64) (WARNING: The server did not provide any stacktrace information)
Command duration or timeout: 29 milliseconds
For documentation on this error, please visit: http://seleniumhq.org/exceptions/no_such_element.html
B Reasons-Wrong Locator. Or element may not yet be on the screen at the time of the find operation, due to slow internet.
	at com.v2solutions.taf.common.pages.CommonPage.logAndCreateADefect(CommonPage.java:363)
	... 25 more
Caused by: com.v2solutions.taf.exception.PageException: failed to find page object by xpath , message : org.openqa.selenium.NoSuchElementException: no such element: Unable to locate element: {"method":"xpath","selector":"//*[@class='username']"}
  (Session info: chrome=56.0.2924.87)
  (Driver info: chromedriver=2.24.417431 (9aea000394714d2fbb20850021f6204f2256b9cf),platform=Windows NT 6.1.7601 SP1 x86_64) (WARNING: The server did not provide any stacktrace information)
Command duration or timeout: 29 milliseconds
For documentation on this error, please visit: http://seleniumhq.org/exceptions/no_such_element.html
Build info: version: '2.53.1', revision: 'a36b8b1cd5757287168e54b817830adce9b0158d', time: '2016-06-30 19:26:09'
System info: host: 'V2MUMPC0455', ip: '192.168.15.38', os.name: 'Windows 7', os.arch: 'amd64', os.version: '6.1', java.version: '1.8.0_31'
Driver info: org.openqa.selenium.chrome.ChromeDriver
Capabilities [{applicationCacheEnabled=false, rotatable=false, mobileEmulationEnabled=false, networkConnectionEnabled=false, chrome={chromedriverVersion=2.24.417431 (9aea000394714d2fbb20850021f6204f2256b9cf), userDataDir=C:\Users\KHILES~1.FEG\AppData\Local\Temp\scoped_dir5980_19116}, takesHeapSnapshot=true, pageLoadStrategy=normal, databaseEnabled=false, handlesAlerts=true, hasTouchScreen=false, version=56.0.2924.87, platform=XP, browserConnectionEnabled=false, nativeEvents=true, acceptSslCerts=true, locationContextEnabled=true, webStorageEnabled=true, browserName=chrome, takesScreenshot=true, javascriptEnabled=true, cssSelectorsEnabled=true}]
Session ID: 7d3b9cd93a670df10209315ffaa8c402
*** Element info: {Using=xpath, value=//*[@class='username']}
	at com.v2solutions.taf.core.WebPage.findPageObjectByXPath(WebPage.java:286)
	at com.v2solutions.cisco.CISCO_TC.inDesktopViewVerifyUserCanLoginWithValidCredentials(CISCO_TC.java:130)
	at test.v2solutions.cisco.TestCISCO_TC.inDesktopViewVerifyUserCanLoginWithValidCredentials(TestCISCO_TC.java:95)
	... 24 more
... Removed 25 stack frames]]>
    </failure>
  </testcase> <!--  -->
  <testcase name="" time="14.795" classname="test.v2solutions.cisco.TestCISCO_TC"/>
  <testcase name="" time="11.599" classname="test.v2solutions.cisco.TestCISCO_TC"/>
  <testcase name="" time="21.355" classname="test.v2solutions.cisco.TestCISCO_TC"/>
  <testcase name="" time="3.114" classname="test.v2solutions.cisco.TestCISCO_TC"/>
  <testcase name="" time="49.036" classname="test.v2solutions.cisco.TestCISCO_TC">
    <failure type="java.lang.AssertionError" message="failed to find page object by xpath , message : org.openqa.selenium.NoSuchElementException: no such element: Unable to locate element: {&amp;quot;method&amp;quot;:&amp;quot;xpath&amp;quot;,&amp;quot;selector&amp;quot;:&amp;quot;//*[@class=&amp;apos;username&amp;apos;]&amp;quot;}
  (Session info: chrome=56.0.2924.87)
  (Driver info: chromedriver=2.24.417431 (9aea000394714d2fbb20850021f6204f2256b9cf),platform=Windows NT 6.1.7601 SP1 x86_64) (WARNING: The server did not provide any stacktrace information)
Command duration or timeout: 21 milliseconds
For documentation on this error, please visit: http://seleniumhq.org/exceptions/no_such_element.html
B Reasons-Wrong Locator. Or element may not yet be on the screen at the time of the find operation, due to slow internet.">
      <![CDATA[java.lang.AssertionError: failed to find page object by xpath , message : org.openqa.selenium.NoSuchElementException: no such element: Unable to locate element: {"method":"xpath","selector":"//*[@class='username']"}
  (Session info: chrome=56.0.2924.87)
  (Driver info: chromedriver=2.24.417431 (9aea000394714d2fbb20850021f6204f2256b9cf),platform=Windows NT 6.1.7601 SP1 x86_64) (WARNING: The server did not provide any stacktrace information)
Command duration or timeout: 21 milliseconds
For documentation on this error, please visit: http://seleniumhq.org/exceptions/no_such_element.html
B Reasons-Wrong Locator. Or element may not yet be on the screen at the time of the find operation, due to slow internet.
	at com.v2solutions.taf.common.pages.CommonPage.logAndCreateADefect(CommonPage.java:369)
	at test.v2solutions.cisco.TestCISCO_TC.inTabletViewVerifyUserCanLoginWithValidCredentials(TestCISCO_TC.java:231)
Caused by: com.v2solutions.taf.common.logs.AnalizerException: failed to find page object by xpath , message : org.openqa.selenium.NoSuchElementException: no such element: Unable to locate element: {"method":"xpath","selector":"//*[@class='username']"}
  (Session info: chrome=56.0.2924.87)
  (Driver info: chromedriver=2.24.417431 (9aea000394714d2fbb20850021f6204f2256b9cf),platform=Windows NT 6.1.7601 SP1 x86_64) (WARNING: The server did not provide any stacktrace information)
Command duration or timeout: 21 milliseconds
For documentation on this error, please visit: http://seleniumhq.org/exceptions/no_such_element.html
B Reasons-Wrong Locator. Or element may not yet be on the screen at the time of the find operation, due to slow internet.
	at com.v2solutions.taf.common.pages.CommonPage.logAndCreateADefect(CommonPage.java:363)
	... 25 more
Caused by: com.v2solutions.taf.exception.PageException: failed to find page object by xpath , message : org.openqa.selenium.NoSuchElementException: no such element: Unable to locate element: {"method":"xpath","selector":"//*[@class='username']"}
  (Session info: chrome=56.0.2924.87)
  (Driver info: chromedriver=2.24.417431 (9aea000394714d2fbb20850021f6204f2256b9cf),platform=Windows NT 6.1.7601 SP1 x86_64) (WARNING: The server did not provide any stacktrace information)
Command duration or timeout: 21 milliseconds
For documentation on this error, please visit: http://seleniumhq.org/exceptions/no_such_element.html
Build info: version: '2.53.1', revision: 'a36b8b1cd5757287168e54b817830adce9b0158d', time: '2016-06-30 19:26:09'
System info: host: 'V2MUMPC0455', ip: '192.168.15.38', os.name: 'Windows 7', os.arch: 'amd64', os.version: '6.1', java.version: '1.8.0_31'
Driver info: org.openqa.selenium.chrome.ChromeDriver
Capabilities [{applicationCacheEnabled=false, rotatable=false, mobileEmulationEnabled=false, networkConnectionEnabled=false, chrome={chromedriverVersion=2.24.417431 (9aea000394714d2fbb20850021f6204f2256b9cf), userDataDir=C:\Users\KHILES~1.FEG\AppData\Local\Temp\scoped_dir5980_19116}, takesHeapSnapshot=true, pageLoadStrategy=normal, databaseEnabled=false, handlesAlerts=true, hasTouchScreen=false, version=56.0.2924.87, platform=XP, browserConnectionEnabled=false, nativeEvents=true, acceptSslCerts=true, locationContextEnabled=true, webStorageEnabled=true, browserName=chrome, takesScreenshot=true, javascriptEnabled=true, cssSelectorsEnabled=true}]
Session ID: 7d3b9cd93a670df10209315ffaa8c402
*** Element info: {Using=xpath, value=//*[@class='username']}
	at com.v2solutions.taf.core.WebPage.findPageObjectByXPath(WebPage.java:286)
	at com.v2solutions.cisco.CISCO_TC.inTabletViewVerifyUserCanLoginWithValidCredentials(CISCO_TC.java:288)
	at test.v2solutions.cisco.TestCISCO_TC.inTabletViewVerifyUserCanLoginWithValidCredentials(TestCISCO_TC.java:226)
	... 24 more
... Removed 25 stack frames]]>
    </failure>
  </testcase> <!--  -->
  <testcase name="" time="14.688" classname="test.v2solutions.cisco.TestCISCO_TC"/>
  <testcase name="" time="12.312" classname="test.v2solutions.cisco.TestCISCO_TC">
    <failure type="java.lang.AssertionError" message=" Locator of &amp;apos;Search icon with xpath ://*[@id=&amp;apos;fw-searchbutton&amp;apos;], search input field xpath :&amp;apos; is &amp;apos;//*[@id=&amp;apos;search-phrase&amp;apos;]&amp;apos; Error-In Desktop view - Verify Search field default text failed. expected [Search items] but found [Search]">
      <![CDATA[java.lang.AssertionError:  Locator of 'Search icon with xpath ://*[@id='fw-searchbutton'], search input field xpath :' is '//*[@id='search-phrase']' Error-In Desktop view - Verify Search field default text failed. expected [Search items] but found [Search]
	at com.v2solutions.taf.common.pages.CommonPage.logAndCreateADefect(CommonPage.java:369)
	at test.v2solutions.cisco.TestCISCO_TC.inTabletViewVerifySearchFieldDefaultText(TestCISCO_TC.java:280)
Caused by: com.v2solutions.taf.common.logs.AnalizerException:  Locator of 'Search icon with xpath ://*[@id='fw-searchbutton'], search input field xpath :' is '//*[@id='search-phrase']' Error-In Desktop view - Verify Search field default text failed. expected [Search items] but found [Search]
	at com.v2solutions.taf.common.pages.CommonPage.logAndCreateADefect(CommonPage.java:363)
	... 25 more
Caused by: java.lang.AssertionError: In Desktop view - Verify Search field default text failed. expected [Search items] but found [Search]
	at test.v2solutions.cisco.TestCISCO_TC.inTabletViewVerifySearchFieldDefaultText(TestCISCO_TC.java:276)
	... 24 more
... Removed 30 stack frames]]>
    </failure>
  </testcase> <!--  -->
  <testcase name="" time="15.215" classname="test.v2solutions.cisco.TestCISCO_TC"/>
  <testcase name="" time="3.142" classname="test.v2solutions.cisco.TestCISCO_TC"/>
  <testcase name="" time="0.167" classname="test.v2solutions.cisco.TestCISCO_TC">
    <failure type="java.lang.AssertionError" message="failed to find page object by xpath , message : org.openqa.selenium.NoSuchElementException: no such element: Unable to locate element: {&amp;quot;method&amp;quot;:&amp;quot;xpath&amp;quot;,&amp;quot;selector&amp;quot;:&amp;quot;//*[@id=&amp;apos;fw-treenavbutton&amp;apos;]&amp;quot;}
  (Session info: chrome=56.0.2924.87)
  (Driver info: chromedriver=2.24.417431 (9aea000394714d2fbb20850021f6204f2256b9cf),platform=Windows NT 6.1.7601 SP1 x86_64) (WARNING: The server did not provide any stacktrace information)
Command duration or timeout: 25 milliseconds
For documentation on this error, please visit: http://seleniumhq.org/exceptions/no_such_element.html
B Reasons-Wrong Locator. Or element may not yet be on the screen at the time of the find operation, due to slow internet.">
      <![CDATA[java.lang.AssertionError: failed to find page object by xpath , message : org.openqa.selenium.NoSuchElementException: no such element: Unable to locate element: {"method":"xpath","selector":"//*[@id='fw-treenavbutton']"}
  (Session info: chrome=56.0.2924.87)
  (Driver info: chromedriver=2.24.417431 (9aea000394714d2fbb20850021f6204f2256b9cf),platform=Windows NT 6.1.7601 SP1 x86_64) (WARNING: The server did not provide any stacktrace information)
Command duration or timeout: 25 milliseconds
For documentation on this error, please visit: http://seleniumhq.org/exceptions/no_such_element.html
B Reasons-Wrong Locator. Or element may not yet be on the screen at the time of the find operation, due to slow internet.
	at com.v2solutions.taf.common.pages.CommonPage.logAndCreateADefect(CommonPage.java:369)
	at test.v2solutions.cisco.TestCISCO_TC.inMobileViewVerifyUserCanLoginWithValidCredentials(TestCISCO_TC.java:360)
Caused by: com.v2solutions.taf.common.logs.AnalizerException: failed to find page object by xpath , message : org.openqa.selenium.NoSuchElementException: no such element: Unable to locate element: {"method":"xpath","selector":"//*[@id='fw-treenavbutton']"}
  (Session info: chrome=56.0.2924.87)
  (Driver info: chromedriver=2.24.417431 (9aea000394714d2fbb20850021f6204f2256b9cf),platform=Windows NT 6.1.7601 SP1 x86_64) (WARNING: The server did not provide any stacktrace information)
Command duration or timeout: 25 milliseconds
For documentation on this error, please visit: http://seleniumhq.org/exceptions/no_such_element.html
B Reasons-Wrong Locator. Or element may not yet be on the screen at the time of the find operation, due to slow internet.
	at com.v2solutions.taf.common.pages.CommonPage.logAndCreateADefect(CommonPage.java:363)
	... 25 more
Caused by: com.v2solutions.taf.exception.PageException: failed to find page object by xpath , message : org.openqa.selenium.NoSuchElementException: no such element: Unable to locate element: {"method":"xpath","selector":"//*[@id='fw-treenavbutton']"}
  (Session info: chrome=56.0.2924.87)
  (Driver info: chromedriver=2.24.417431 (9aea000394714d2fbb20850021f6204f2256b9cf),platform=Windows NT 6.1.7601 SP1 x86_64) (WARNING: The server did not provide any stacktrace information)
Command duration or timeout: 25 milliseconds
For documentation on this error, please visit: http://seleniumhq.org/exceptions/no_such_element.html
Build info: version: '2.53.1', revision: 'a36b8b1cd5757287168e54b817830adce9b0158d', time: '2016-06-30 19:26:09'
System info: host: 'V2MUMPC0455', ip: '192.168.15.38', os.name: 'Windows 7', os.arch: 'amd64', os.version: '6.1', java.version: '1.8.0_31'
Driver info: org.openqa.selenium.chrome.ChromeDriver
Capabilities [{applicationCacheEnabled=false, rotatable=false, mobileEmulationEnabled=false, networkConnectionEnabled=false, chrome={chromedriverVersion=2.24.417431 (9aea000394714d2fbb20850021f6204f2256b9cf), userDataDir=C:\Users\KHILES~1.FEG\AppData\Local\Temp\scoped_dir5980_19116}, takesHeapSnapshot=true, pageLoadStrategy=normal, databaseEnabled=false, handlesAlerts=true, hasTouchScreen=false, version=56.0.2924.87, platform=XP, browserConnectionEnabled=false, nativeEvents=true, acceptSslCerts=true, locationContextEnabled=true, webStorageEnabled=true, browserName=chrome, takesScreenshot=true, javascriptEnabled=true, cssSelectorsEnabled=true}]
Session ID: 7d3b9cd93a670df10209315ffaa8c402
*** Element info: {Using=xpath, value=//*[@id='fw-treenavbutton']}
	at com.v2solutions.taf.core.WebPage.findPageObjectByXPath(WebPage.java:286)
	at com.v2solutions.cisco.CISCO_TC.inMobileViewVerifyUserCanLoginWithValidCredentials(CISCO_TC.java:412)
	at test.v2solutions.cisco.TestCISCO_TC.inMobileViewVerifyUserCanLoginWithValidCredentials(TestCISCO_TC.java:355)
	... 24 more
... Removed 25 stack frames]]>
    </failure>
  </testcase> <!--  -->
  <testcase name="" time="0.267" classname="test.v2solutions.cisco.TestCISCO_TC">
    <failure type="java.lang.AssertionError" message="failed to find page object by xpath , message : org.openqa.selenium.NoSuchElementException: no such element: Unable to locate element: {&amp;quot;method&amp;quot;:&amp;quot;xpath&amp;quot;,&amp;quot;selector&amp;quot;:&amp;quot;//*[@id=&amp;apos;userInput&amp;apos;]&amp;quot;}
  (Session info: chrome=56.0.2924.87)
  (Driver info: chromedriver=2.24.417431 (9aea000394714d2fbb20850021f6204f2256b9cf),platform=Windows NT 6.1.7601 SP1 x86_64) (WARNING: The server did not provide any stacktrace information)
Command duration or timeout: 26 milliseconds
For documentation on this error, please visit: http://seleniumhq.org/exceptions/no_such_element.html
B Reasons-Wrong Locator. Or element may not yet be on the screen at the time of the find operation, due to slow internet.">
      <![CDATA[java.lang.AssertionError: failed to find page object by xpath , message : org.openqa.selenium.NoSuchElementException: no such element: Unable to locate element: {"method":"xpath","selector":"//*[@id='userInput']"}
  (Session info: chrome=56.0.2924.87)
  (Driver info: chromedriver=2.24.417431 (9aea000394714d2fbb20850021f6204f2256b9cf),platform=Windows NT 6.1.7601 SP1 x86_64) (WARNING: The server did not provide any stacktrace information)
Command duration or timeout: 26 milliseconds
For documentation on this error, please visit: http://seleniumhq.org/exceptions/no_such_element.html
B Reasons-Wrong Locator. Or element may not yet be on the screen at the time of the find operation, due to slow internet.
	at com.v2solutions.taf.common.pages.CommonPage.logAndCreateADefect(CommonPage.java:369)
	at test.v2solutions.cisco.TestCISCO_TC.inMobileViewVerifyUserCannotLoginWithInvalidCredentials(TestCISCO_TC.java:388)
Caused by: com.v2solutions.taf.common.logs.AnalizerException: failed to find page object by xpath , message : org.openqa.selenium.NoSuchElementException: no such element: Unable to locate element: {"method":"xpath","selector":"//*[@id='userInput']"}
  (Session info: chrome=56.0.2924.87)
  (Driver info: chromedriver=2.24.417431 (9aea000394714d2fbb20850021f6204f2256b9cf),platform=Windows NT 6.1.7601 SP1 x86_64) (WARNING: The server did not provide any stacktrace information)
Command duration or timeout: 26 milliseconds
For documentation on this error, please visit: http://seleniumhq.org/exceptions/no_such_element.html
B Reasons-Wrong Locator. Or element may not yet be on the screen at the time of the find operation, due to slow internet.
	at com.v2solutions.taf.common.pages.CommonPage.logAndCreateADefect(CommonPage.java:363)
	... 25 more
Caused by: com.v2solutions.taf.exception.PageException: failed to find page object by xpath , message : org.openqa.selenium.NoSuchElementException: no such element: Unable to locate element: {"method":"xpath","selector":"//*[@id='userInput']"}
  (Session info: chrome=56.0.2924.87)
  (Driver info: chromedriver=2.24.417431 (9aea000394714d2fbb20850021f6204f2256b9cf),platform=Windows NT 6.1.7601 SP1 x86_64) (WARNING: The server did not provide any stacktrace information)
Command duration or timeout: 26 milliseconds
For documentation on this error, please visit: http://seleniumhq.org/exceptions/no_such_element.html
Build info: version: '2.53.1', revision: 'a36b8b1cd5757287168e54b817830adce9b0158d', time: '2016-06-30 19:26:09'
System info: host: 'V2MUMPC0455', ip: '192.168.15.38', os.name: 'Windows 7', os.arch: 'amd64', os.version: '6.1', java.version: '1.8.0_31'
Driver info: org.openqa.selenium.chrome.ChromeDriver
Capabilities [{applicationCacheEnabled=false, rotatable=false, mobileEmulationEnabled=false, networkConnectionEnabled=false, chrome={chromedriverVersion=2.24.417431 (9aea000394714d2fbb20850021f6204f2256b9cf), userDataDir=C:\Users\KHILES~1.FEG\AppData\Local\Temp\scoped_dir5980_19116}, takesHeapSnapshot=true, pageLoadStrategy=normal, databaseEnabled=false, handlesAlerts=true, hasTouchScreen=false, version=56.0.2924.87, platform=XP, browserConnectionEnabled=false, nativeEvents=true, acceptSslCerts=true, locationContextEnabled=true, webStorageEnabled=true, browserName=chrome, takesScreenshot=true, javascriptEnabled=true, cssSelectorsEnabled=true}]
Session ID: 7d3b9cd93a670df10209315ffaa8c402
*** Element info: {Using=xpath, value=//*[@id='userInput']}
	at com.v2solutions.taf.core.WebPage.findPageObjectByXPath(WebPage.java:286)
	at com.v2solutions.cisco.CISCO_TC.inMobileViewVerifyUserCannotLoginWithInvalidCredentials(CISCO_TC.java:459)
	at test.v2solutions.cisco.TestCISCO_TC.inMobileViewVerifyUserCannotLoginWithInvalidCredentials(TestCISCO_TC.java:383)
	... 24 more
... Removed 25 stack frames]]>
    </failure>
  </testcase> <!--  -->
  <testcase name="" time="14.009" classname="test.v2solutions.cisco.TestCISCO_TC">
    <failure type="java.lang.AssertionError" message=" Locator of &amp;apos;Search icon with xpath ://*[@id=&amp;apos;fw-searchbutton&amp;apos;], search input field xpath :&amp;apos; is &amp;apos;//*[@id=&amp;apos;search-phrase&amp;apos;]&amp;apos; Error-In Mobile view - Verify Search field default text failed. expected [Search items] but found [Search]">
      <![CDATA[java.lang.AssertionError:  Locator of 'Search icon with xpath ://*[@id='fw-searchbutton'], search input field xpath :' is '//*[@id='search-phrase']' Error-In Mobile view - Verify Search field default text failed. expected [Search items] but found [Search]
	at com.v2solutions.taf.common.pages.CommonPage.logAndCreateADefect(CommonPage.java:369)
	at test.v2solutions.cisco.TestCISCO_TC.inMobileViewVerifySearchFieldDefaultText(TestCISCO_TC.java:410)
Caused by: com.v2solutions.taf.common.logs.AnalizerException:  Locator of 'Search icon with xpath ://*[@id='fw-searchbutton'], search input field xpath :' is '//*[@id='search-phrase']' Error-In Mobile view - Verify Search field default text failed. expected [Search items] but found [Search]
	at com.v2solutions.taf.common.pages.CommonPage.logAndCreateADefect(CommonPage.java:363)
	... 25 more
Caused by: java.lang.AssertionError: In Mobile view - Verify Search field default text failed. expected [Search items] but found [Search]
	at test.v2solutions.cisco.TestCISCO_TC.inMobileViewVerifySearchFieldDefaultText(TestCISCO_TC.java:406)
	... 24 more
... Removed 30 stack frames]]>
    </failure>
  </testcase> <!--  -->
  <testcase name="" time="12.12" classname="test.v2solutions.cisco.TestCISCO_TC"/>
  <testcase name="" time="0.973" classname="test.v2solutions.cisco.TestCISCO_TC"/>
</testsuite> <!-- V2SolutionsHomePage -->
